<?xml version="1.0" encoding="UTF-8"?>
<!-- Generated by org.testng.reporters.JUnitReportReporter -->
<testsuite name="pom.Influencer.TS_002_VerifyLoginWithDifferntInfluencer" tests="13" time="3.628" ignored="0" failures="0" timestamp="19 Mar 2018 18:23:04 GMT" skipped="4" hostname="srikanth-PC" errors="0">
  <testcase name="verifyLoginWithDifferntRecords" time="0.367" classname="pom.Influencer.TS_002_VerifyLoginWithDifferntInfluencer"/>
  <testcase name="verifyLoginWithDifferntRecords" time="0.752" classname="pom.Influencer.TS_002_VerifyLoginWithDifferntInfluencer"/>
  <testcase name="verifyLoginWithDifferntRecords" time="0.375" classname="pom.Influencer.TS_002_VerifyLoginWithDifferntInfluencer"/>
  <testcase name="verifyLoginWithDifferntRecords" time="0.002" classname="pom.Influencer.TS_002_VerifyLoginWithDifferntInfluencer">
    <skipped/>
  </testcase> <!-- verifyLoginWithDifferntRecords -->
  <testcase name="verifyLoginWithDifferntRecords" time="0.361" classname="pom.Influencer.TS_002_VerifyLoginWithDifferntInfluencer"/>
  <testcase name="verifyLoginWithDifferntRecords" time="0.002" classname="pom.Influencer.TS_002_VerifyLoginWithDifferntInfluencer">
    <skipped/>
  </testcase> <!-- verifyLoginWithDifferntRecords -->
  <testcase name="verifyLoginWithDifferntRecords" time="0.381" classname="pom.Influencer.TS_002_VerifyLoginWithDifferntInfluencer"/>
  <testcase name="verifyLoginWithDifferntRecords" time="0.359" classname="pom.Influencer.TS_002_VerifyLoginWithDifferntInfluencer"/>
  <testcase name="verifyLoginWithDifferntRecords" time="0.001" classname="pom.Influencer.TS_002_VerifyLoginWithDifferntInfluencer">
    <skipped/>
  </testcase> <!-- verifyLoginWithDifferntRecords -->
  <testcase name="verifyLoginWithDifferntRecords" time="0.360" classname="pom.Influencer.TS_002_VerifyLoginWithDifferntInfluencer"/>
  <testcase name="verifyLoginWithDifferntRecords" time="0.002" classname="pom.Influencer.TS_002_VerifyLoginWithDifferntInfluencer">
    <skipped/>
  </testcase> <!-- verifyLoginWithDifferntRecords -->
  <testcase name="verifyLoginWithDifferntRecords" time="0.339" classname="pom.Influencer.TS_002_VerifyLoginWithDifferntInfluencer"/>
  <testcase name="verifyLoginWithDifferntRecords" time="0.327" classname="pom.Influencer.TS_002_VerifyLoginWithDifferntInfluencer"/>
</testsuite> <!-- pom.Influencer.TS_002_VerifyLoginWithDifferntInfluencer -->
