<?xml version="1.0" encoding="UTF-8"?>
<!-- Generated by org.testng.reporters.JUnitReportReporter -->
<testsuite name="pom.Advertiser.TS_001_AdvertiserLogin" tests="1" time="7.841" ignored="0" failures="0" timestamp="05 Mar 2018 06:42:20 GMT" skipped="0" hostname="srikanth-PC" errors="0">
  <testcase name="verifyLoginWithValidCredentails" time="7.841" classname="pom.Advertiser.TS_001_AdvertiserLogin"/>
</testsuite> <!-- pom.Advertiser.TS_001_AdvertiserLogin -->
