<?xml version="1.0" encoding="UTF-8"?>
<!-- Generated by org.testng.reporters.JUnitReportReporter -->
<testsuite name="pom.Influencer.TS_001_InfluencerLoginWithValidCredentials" tests="1" time="1.917" ignored="0" failures="0" timestamp="05 Mar 2018 07:52:19 GMT" skipped="0" hostname="srikanth-PC" errors="0">
  <testcase name="verifyLoginWithValidCredentails" time="1.917" classname="pom.Influencer.TS_001_InfluencerLoginWithValidCredentials"/>
</testsuite> <!-- pom.Influencer.TS_001_InfluencerLoginWithValidCredentials -->
